{
  "stats": {
    "suites": 9,
    "tests": 9,
    "passes": 9,
    "pending": 0,
    "failures": 0,
    "start": "2022-11-26T12:21:18.607Z",
    "end": "2022-11-26T12:21:18.723Z",
    "duration": 116,
    "testsRegistered": 9,
    "passPercent": 100,
    "pendingPercent": 0,
    "other": 0,
    "hasOther": false,
    "skipped": 0,
    "hasSkipped": false
  },
  "results": [
    {
      "uuid": "7b66e462-f938-49bb-8b67-7009d06485d7",
      "title": "",
      "fullFile": "",
      "file": "",
      "beforeHooks": [],
      "afterHooks": [
        {
          "title": "\"after all\" hook in \"{root}\"",
          "fullTitle": "\"after all\" hook in \"{root}\"",
          "timedOut": false,
          "duration": 0,
          "state": null,
          "speed": null,
          "pass": false,
          "fail": false,
          "pending": false,
          "context": null,
          "code": "done();",
          "err": {},
          "uuid": "7b8446dd-d5a0-40ab-aae4-9aeb1c39c3bd",
          "parentUUID": "7b66e462-f938-49bb-8b67-7009d06485d7",
          "isHook": true,
          "skipped": false
        }
      ],
      "tests": [],
      "suites": [
        {
          "uuid": "35a41796-4fd7-4f66-b84a-92ac8c72cba0",
          "title": "POST /api/mekanlar",
          "fullFile": "C:\\Users\\alpay\\Desktop\\mekanbul\\test.js",
          "file": "\\test.js",
          "beforeHooks": [],
          "afterHooks": [],
          "tests": [
            {
              "title": "Yeni mekan ekle:",
              "fullTitle": "POST /api/mekanlar Yeni mekan ekle:",
              "timedOut": false,
              "duration": 26,
              "state": "passed",
              "speed": "fast",
              "pass": true,
              "fail": false,
              "pending": false,
              "context": null,
              "code": "const response = await request.post(\"/api/mekanlar\").send({\n  ad: \"Starbucks\",\n  adres: \"Centrum Garden\",\n  puan: 5,\n  imkanlar: \"çay,kahve,pasta\",\n  enlem: 37.83226584629666,\n  boylam: 30.524732239878013,\n  gunler1: \"Pazartesi-Cuma\",\n  acilis1: \"9:00\",\n  kapanis1: \"23:00\",\n  kapali1: false,\n  gunler2: \"Cumartesi-Pazar\",\n  acilis2: \"11:00\",\n  kapanis2: \"17:00\",\n  kapali2: false,\n});\nexpect(response.status).to.eql(201);\nprocess.env.mekanid = response.body._id;",
              "err": {},
              "uuid": "36a4ffe9-1c8b-47fa-9f75-e78d27de63e1",
              "parentUUID": "35a41796-4fd7-4f66-b84a-92ac8c72cba0",
              "isHook": false,
              "skipped": false
            }
          ],
          "suites": [],
          "passes": [
            "36a4ffe9-1c8b-47fa-9f75-e78d27de63e1"
          ],
          "failures": [],
          "pending": [],
          "skipped": [],
          "duration": 26,
          "root": false,
          "rootEmpty": false,
          "_timeout": 10000
        },
        {
          "uuid": "e01a94f0-7972-49f8-b495-d5e38f5559ff",
          "title": "GET /api/mekanlar",
          "fullFile": "C:\\Users\\alpay\\Desktop\\mekanbul\\test.js",
          "file": "\\test.js",
          "beforeHooks": [],
          "afterHooks": [],
          "tests": [
            {
              "title": "Girilen konum civarındaki tüm mekanları listele:",
              "fullTitle": "GET /api/mekanlar Girilen konum civarındaki tüm mekanları listele:",
              "timedOut": false,
              "duration": 5,
              "state": "passed",
              "speed": "fast",
              "pass": true,
              "fail": false,
              "pending": false,
              "context": null,
              "code": "const response = await request.get(\"/api/mekanlar?enlem=37&boylam=35\");\nexpect(response.status).to.eql(200);",
              "err": {},
              "uuid": "10d414ec-e36c-4023-8446-95ce150f9ef8",
              "parentUUID": "e01a94f0-7972-49f8-b495-d5e38f5559ff",
              "isHook": false,
              "skipped": false
            }
          ],
          "suites": [],
          "passes": [
            "10d414ec-e36c-4023-8446-95ce150f9ef8"
          ],
          "failures": [],
          "pending": [],
          "skipped": [],
          "duration": 5,
          "root": false,
          "rootEmpty": false,
          "_timeout": 10000
        },
        {
          "uuid": "98cd6143-897a-4903-baac-d60ae4cd68ea",
          "title": "GET /api/mekanlar/:mekanid",
          "fullFile": "C:\\Users\\alpay\\Desktop\\mekanbul\\test.js",
          "file": "\\test.js",
          "beforeHooks": [],
          "afterHooks": [],
          "tests": [
            {
              "title": "Mekan getir:",
              "fullTitle": "GET /api/mekanlar/:mekanid Mekan getir:",
              "timedOut": false,
              "duration": 7,
              "state": "passed",
              "speed": "fast",
              "pass": true,
              "fail": false,
              "pending": false,
              "context": null,
              "code": "const response = await request.get(`/api/mekanlar/${process.env.mekanid}`);\nexpect(response.status).to.eql(200);",
              "err": {},
              "uuid": "0477ecb7-6fae-4338-8849-3b1f5d50b17e",
              "parentUUID": "98cd6143-897a-4903-baac-d60ae4cd68ea",
              "isHook": false,
              "skipped": false
            }
          ],
          "suites": [],
          "passes": [
            "0477ecb7-6fae-4338-8849-3b1f5d50b17e"
          ],
          "failures": [],
          "pending": [],
          "skipped": [],
          "duration": 7,
          "root": false,
          "rootEmpty": false,
          "_timeout": 10000
        },
        {
          "uuid": "4afa559b-8b75-4ea6-a8c7-c172cd0ff166",
          "title": "PUT /api/mekanlar/:mekanid",
          "fullFile": "C:\\Users\\alpay\\Desktop\\mekanbul\\test.js",
          "file": "\\test.js",
          "beforeHooks": [],
          "afterHooks": [],
          "tests": [
            {
              "title": "Mekan Güncelle:",
              "fullTitle": "PUT /api/mekanlar/:mekanid Mekan Güncelle:",
              "timedOut": false,
              "duration": 8,
              "state": "passed",
              "speed": "fast",
              "pass": true,
              "fail": false,
              "pending": false,
              "context": null,
              "code": "const response = await request\n  .put(`/api/mekanlar/${process.env.mekanid}`)\n  .send({\n    ad: \"Starbucks SDÜ\",\n    adres: \"SDÜ Doğu Kampüsü\",\n    puan: 3,\n    imkanlar: \"çay,kahve,pasta,refresher\",\n    enlem: 37.8,\n    boylam: 30.5,\n    gunler1: \"Pazartesi-Cuma\",\n    acilis1: \"9:10\",\n    kapanis1: \"23:10\",\n    kapali1: true,\n    gunler2: \"Cumartesi-Pazar\",\n    acilis2: \"11:10\",\n    kapanis2: \"17:10\",\n    kapali2: true,\n  });\nexpect(response.status).to.eql(200);",
              "err": {},
              "uuid": "a3ff32bb-9183-4a31-9669-9dc8e23f4c6c",
              "parentUUID": "4afa559b-8b75-4ea6-a8c7-c172cd0ff166",
              "isHook": false,
              "skipped": false
            }
          ],
          "suites": [],
          "passes": [
            "a3ff32bb-9183-4a31-9669-9dc8e23f4c6c"
          ],
          "failures": [],
          "pending": [],
          "skipped": [],
          "duration": 8,
          "root": false,
          "rootEmpty": false,
          "_timeout": 10000
        },
        {
          "uuid": "4aaab04f-5a8f-491a-a05c-0069578b3900",
          "title": "POST /api/mekanlar/:mekanid/yorumlar",
          "fullFile": "C:\\Users\\alpay\\Desktop\\mekanbul\\test.js",
          "file": "\\test.js",
          "beforeHooks": [],
          "afterHooks": [],
          "tests": [
            {
              "title": "Yorum ekle:",
              "fullTitle": "POST /api/mekanlar/:mekanid/yorumlar Yorum ekle:",
              "timedOut": false,
              "duration": 8,
              "state": "passed",
              "speed": "fast",
              "pass": true,
              "fail": false,
              "pending": false,
              "context": null,
              "code": "const response = await request\n  .post(`/api/mekanlar/${process.env.mekanid}/yorumlar`)\n  .send({\n    yorumYapan: \"ASY\",\n    puan: 5,\n    yorumMetni: \"Kahveler harika\",\n  });\nprocess.env.yorumid = response.body._id;\nexpect(response.status).to.eql(201);",
              "err": {},
              "uuid": "87de30f8-78fc-48ab-bc1a-313bd0ac4c7a",
              "parentUUID": "4aaab04f-5a8f-491a-a05c-0069578b3900",
              "isHook": false,
              "skipped": false
            }
          ],
          "suites": [],
          "passes": [
            "87de30f8-78fc-48ab-bc1a-313bd0ac4c7a"
          ],
          "failures": [],
          "pending": [],
          "skipped": [],
          "duration": 8,
          "root": false,
          "rootEmpty": false,
          "_timeout": 10000
        },
        {
          "uuid": "cc2f978d-921c-46ab-91b9-1c36979dfdc6",
          "title": "GET /api/mekanlar/:mekanid/yorumlar/:yorumid",
          "fullFile": "C:\\Users\\alpay\\Desktop\\mekanbul\\test.js",
          "file": "\\test.js",
          "beforeHooks": [],
          "afterHooks": [],
          "tests": [
            {
              "title": "Yorum getir:",
              "fullTitle": "GET /api/mekanlar/:mekanid/yorumlar/:yorumid Yorum getir:",
              "timedOut": false,
              "duration": 11,
              "state": "passed",
              "speed": "fast",
              "pass": true,
              "fail": false,
              "pending": false,
              "context": null,
              "code": "const response = await request.get(\n  `/api/mekanlar/${process.env.mekanid}/yorumlar/${process.env.yorumid}`\n);\nexpect(response.status).to.eql(200);",
              "err": {},
              "uuid": "a23ac0e2-30f3-4381-ac7e-d418a410e3f8",
              "parentUUID": "cc2f978d-921c-46ab-91b9-1c36979dfdc6",
              "isHook": false,
              "skipped": false
            }
          ],
          "suites": [],
          "passes": [
            "a23ac0e2-30f3-4381-ac7e-d418a410e3f8"
          ],
          "failures": [],
          "pending": [],
          "skipped": [],
          "duration": 11,
          "root": false,
          "rootEmpty": false,
          "_timeout": 10000
        },
        {
          "uuid": "4510cd31-92df-42c7-bc88-fba59a1bd7a8",
          "title": "PUT /api/mekanlar/:mekanid/yorumlar/:yorumid",
          "fullFile": "C:\\Users\\alpay\\Desktop\\mekanbul\\test.js",
          "file": "\\test.js",
          "beforeHooks": [],
          "afterHooks": [],
          "tests": [
            {
              "title": "Yorum güncelle:",
              "fullTitle": "PUT /api/mekanlar/:mekanid/yorumlar/:yorumid Yorum güncelle:",
              "timedOut": false,
              "duration": 12,
              "state": "passed",
              "speed": "fast",
              "pass": true,
              "fail": false,
              "pending": false,
              "context": null,
              "code": "const response = await request\n  .put(\n    `/api/mekanlar/${process.env.mekanid}/yorumlar/${process.env.yorumid}`\n  )\n  .send({\n    yorumYapan: \"Sinan\",\n    puan: 4,\n    yorumMetni: \"Kahveler harikaaaa\",\n  });\nexpect(response.status).to.eql(200);",
              "err": {},
              "uuid": "48cc835f-35ad-466b-b6c0-89ae16996ff0",
              "parentUUID": "4510cd31-92df-42c7-bc88-fba59a1bd7a8",
              "isHook": false,
              "skipped": false
            }
          ],
          "suites": [],
          "passes": [
            "48cc835f-35ad-466b-b6c0-89ae16996ff0"
          ],
          "failures": [],
          "pending": [],
          "skipped": [],
          "duration": 12,
          "root": false,
          "rootEmpty": false,
          "_timeout": 10000
        },
        {
          "uuid": "4658e2b8-4bf9-4da4-b1b9-30d0126f9caa",
          "title": "DELETE /api/mekanlar/:mekanid/yorumlar/:yorumid",
          "fullFile": "C:\\Users\\alpay\\Desktop\\mekanbul\\test.js",
          "file": "\\test.js",
          "beforeHooks": [],
          "afterHooks": [],
          "tests": [
            {
              "title": "Yorum sil:",
              "fullTitle": "DELETE /api/mekanlar/:mekanid/yorumlar/:yorumid Yorum sil:",
              "timedOut": false,
              "duration": 10,
              "state": "passed",
              "speed": "fast",
              "pass": true,
              "fail": false,
              "pending": false,
              "context": null,
              "code": "const response = await request.delete(\n  `/api/mekanlar/${process.env.mekanid}/yorumlar/${process.env.yorumid}`\n);\nexpect(response.status).to.eql(200);",
              "err": {},
              "uuid": "64f4f183-25d1-4338-9ca5-e55ad63cf621",
              "parentUUID": "4658e2b8-4bf9-4da4-b1b9-30d0126f9caa",
              "isHook": false,
              "skipped": false
            }
          ],
          "suites": [],
          "passes": [
            "64f4f183-25d1-4338-9ca5-e55ad63cf621"
          ],
          "failures": [],
          "pending": [],
          "skipped": [],
          "duration": 10,
          "root": false,
          "rootEmpty": false,
          "_timeout": 10000
        },
        {
          "uuid": "d74ddd8e-dae0-4f26-9153-79838910d4fd",
          "title": "DELETE /api/mekanlar/:mekanid",
          "fullFile": "C:\\Users\\alpay\\Desktop\\mekanbul\\test.js",
          "file": "\\test.js",
          "beforeHooks": [],
          "afterHooks": [],
          "tests": [
            {
              "title": "Mekan sil:",
              "fullTitle": "DELETE /api/mekanlar/:mekanid Mekan sil:",
              "timedOut": false,
              "duration": 7,
              "state": "passed",
              "speed": "fast",
              "pass": true,
              "fail": false,
              "pending": false,
              "context": null,
              "code": "const response = await request.delete(\n  `/api/mekanlar/${process.env.mekanid}`\n);\nexpect(response.status).to.eql(200);",
              "err": {},
              "uuid": "b80f9854-b97f-47de-937d-e09e3cc1e38f",
              "parentUUID": "d74ddd8e-dae0-4f26-9153-79838910d4fd",
              "isHook": false,
              "skipped": false
            }
          ],
          "suites": [],
          "passes": [
            "b80f9854-b97f-47de-937d-e09e3cc1e38f"
          ],
          "failures": [],
          "pending": [],
          "skipped": [],
          "duration": 7,
          "root": false,
          "rootEmpty": false,
          "_timeout": 10000
        }
      ],
      "passes": [],
      "failures": [],
      "pending": [],
      "skipped": [],
      "duration": 0,
      "root": true,
      "rootEmpty": true,
      "_timeout": 10000
    }
  ],
  "meta": {
    "mocha": {
      "version": "10.1.0"
    },
    "mochawesome": {
      "options": {
        "quiet": false,
        "reportFilename": "mochawesome",
        "saveHtml": true,
        "saveJson": true,
        "consoleReporter": "spec",
        "useInlineDiffs": false,
        "code": true
      },
      "version": "7.1.3"
    },
    "marge": {
      "options": null,
      "version": "6.2.0"
    }
  }
}